c:\users\gabriel kheisa\source\repos\subverison_gtav_hack\subversion\x64\debug\vc142.pdb
c:\users\gabriel kheisa\source\repos\subverison_gtav_hack\subversion\x64\debug\vc142.idb
c:\users\gabriel kheisa\source\repos\subverison_gtav_hack\subversion\x64\debug\stdafx.obj
c:\users\gabriel kheisa\source\repos\subverison_gtav_hack\subversion\x64\debug\settings.obj
c:\users\gabriel kheisa\source\repos\subverison_gtav_hack\subversion\x64\debug\memmanager.obj
c:\users\gabriel kheisa\source\repos\subverison_gtav_hack\subversion\x64\debug\main.obj
c:\users\gabriel kheisa\source\repos\subverison_gtav_hack\subversion\x64\debug\hack.obj
c:\users\gabriel kheisa\source\repos\subverison_gtav_hack\subversion\x64\debug\entity.obj
c:\users\gabriel kheisa\source\repos\subverison_gtav_hack\subversion\x64\debug\d3d9render.obj
c:\users\gabriel kheisa\source\repos\subverison_gtav_hack\x64\debug\subversion.ilk
c:\users\gabriel kheisa\source\repos\subverison_gtav_hack\x64\debug\subversion.exe
c:\users\gabriel kheisa\source\repos\subverison_gtav_hack\x64\debug\subversion.pdb
c:\users\gabriel kheisa\source\repos\subverison_gtav_hack\subversion\x64\debug\gta d3d9.res
c:\users\gabriel kheisa\source\repos\subverison_gtav_hack\subversion\x64\debug\subversion.tlog\cl.command.1.tlog
c:\users\gabriel kheisa\source\repos\subverison_gtav_hack\subversion\x64\debug\subversion.tlog\cl.read.1.tlog
c:\users\gabriel kheisa\source\repos\subverison_gtav_hack\subversion\x64\debug\subversion.tlog\cl.write.1.tlog
c:\users\gabriel kheisa\source\repos\subverison_gtav_hack\subversion\x64\debug\subversion.tlog\link.command.1.tlog
c:\users\gabriel kheisa\source\repos\subverison_gtav_hack\subversion\x64\debug\subversion.tlog\link.read.1.tlog
c:\users\gabriel kheisa\source\repos\subverison_gtav_hack\subversion\x64\debug\subversion.tlog\link.write.1.tlog
c:\users\gabriel kheisa\source\repos\subverison_gtav_hack\subversion\x64\debug\subversion.tlog\rc.command.1.tlog
c:\users\gabriel kheisa\source\repos\subverison_gtav_hack\subversion\x64\debug\subversion.tlog\rc.read.1.tlog
c:\users\gabriel kheisa\source\repos\subverison_gtav_hack\subversion\x64\debug\subversion.tlog\rc.write.1.tlog
