c:\users\gabriel kheisa\source\repos\subverison_gtav_hack\subversion\x64\release\vc142.pdb
c:\users\gabriel kheisa\source\repos\subverison_gtav_hack\subversion\x64\release\stdafx.obj
c:\users\gabriel kheisa\source\repos\subverison_gtav_hack\subversion\x64\release\settings.obj
c:\users\gabriel kheisa\source\repos\subverison_gtav_hack\subversion\x64\release\memmanager.obj
c:\users\gabriel kheisa\source\repos\subverison_gtav_hack\subversion\x64\release\main.obj
c:\users\gabriel kheisa\source\repos\subverison_gtav_hack\subversion\x64\release\hack.obj
c:\users\gabriel kheisa\source\repos\subverison_gtav_hack\subversion\x64\release\entity.obj
c:\users\gabriel kheisa\source\repos\subverison_gtav_hack\subversion\x64\release\d3d9render.obj
c:\users\gabriel kheisa\source\repos\subverison_gtav_hack\x64\release\subversion.exe
c:\users\gabriel kheisa\source\repos\subverison_gtav_hack\x64\release\subversion.pdb
c:\users\gabriel kheisa\source\repos\subverison_gtav_hack\subversion\x64\release\gta d3d9.res
c:\users\gabriel kheisa\source\repos\subverison_gtav_hack\x64\release\subversion.ipdb
c:\users\gabriel kheisa\source\repos\subverison_gtav_hack\x64\release\subversion.iobj
c:\users\gabriel kheisa\source\repos\subverison_gtav_hack\subversion\x64\release\subversion.tlog\cl.command.1.tlog
c:\users\gabriel kheisa\source\repos\subverison_gtav_hack\subversion\x64\release\subversion.tlog\cl.read.1.tlog
c:\users\gabriel kheisa\source\repos\subverison_gtav_hack\subversion\x64\release\subversion.tlog\cl.write.1.tlog
c:\users\gabriel kheisa\source\repos\subverison_gtav_hack\subversion\x64\release\subversion.tlog\link.command.1.tlog
c:\users\gabriel kheisa\source\repos\subverison_gtav_hack\subversion\x64\release\subversion.tlog\link.read.1.tlog
c:\users\gabriel kheisa\source\repos\subverison_gtav_hack\subversion\x64\release\subversion.tlog\link.write.1.tlog
c:\users\gabriel kheisa\source\repos\subverison_gtav_hack\subversion\x64\release\subversion.tlog\rc.command.1.tlog
c:\users\gabriel kheisa\source\repos\subverison_gtav_hack\subversion\x64\release\subversion.tlog\rc.read.1.tlog
c:\users\gabriel kheisa\source\repos\subverison_gtav_hack\subversion\x64\release\subversion.tlog\rc.write.1.tlog
c:\users\gabriel kheisa\source\repos\subverison_gtav_hack\subversion\x64\release\subversion.tlog\subversion.write.1u.tlog
